* using log directory ‘/Users/duncan/Projects/org/omegahat/XML/SOAP/SSOAP.Rcheck’
* using R Under development (unstable) (2011-11-27 r57757)
* using platform: x86_64-apple-darwin11.0.0 (64-bit)
* using session charset: UTF-8
* checking for file ‘SSOAP/DESCRIPTION’ ... OK
* this is package ‘SSOAP’ version ‘0.8-1’
* checking package namespace information ... OK
* checking package dependencies ... OK
* checking if this is a source package ... OK
* checking if there is a namespace ... OK
* checking for executable files ... OK
* checking whether package ‘SSOAP’ can be installed ... OK
* checking installed package size ... OK
* checking package directory ... OK
* checking for portable file names ... OK
* checking for sufficient/correct file permissions ... OK
* checking DESCRIPTION meta-information ... OK
* checking top-level files ... OK
* checking index information ... OK
* checking package subdirectories ... OK
* checking R files for non-ASCII characters ... OK
* checking R files for syntax errors ... OK
* checking whether the package can be loaded ... OK
* checking whether the package can be loaded with stated dependencies ... OK
* checking whether the package can be unloaded cleanly ... OK
* checking whether the namespace can be loaded with stated dependencies ... OK
* checking whether the namespace can be unloaded cleanly ... OK
* checking for unstated dependencies in R code ... OK
* checking S3 generic/method consistency ... OK
* checking replacement functions ... OK
* checking foreign function calls ... OK
* checking R code for possible problems ... OK
* checking Rd files ... NOTE
prepare_Rd: SOAPClientInterface-class.Rd:38-40: Dropping empty section \examples
prepare_Rd: SOAPData.Rd:57-58: Dropping empty section \examples
prepare_Rd: SOAPFault.Rd:39-41: Dropping empty section \examples
prepare_Rd: SOAPResult-class.Rd:42-44: Dropping empty section \examples
prepare_Rd: SOAPResult.Rd:40-42: Dropping empty section \examples
prepare_Rd: SOAPServer-class.Rd:73-75: Dropping empty section \examples
prepare_Rd: SOAPServerDescription.Rd:56-58: Dropping empty section \examples
prepare_Rd: SOAPType-class.Rd:45-47: Dropping empty section \examples
prepare_Rd: WSDLMethod-class.Rd:57-59: Dropping empty section \examples
prepare_Rd: WSDLParseHandlers.Rd:46-47: Dropping empty section \examples
prepare_Rd: convertFromSOAP.Rd:36-38: Dropping empty section \examples
prepare_Rd: getReturnNode.Rd:37-39: Dropping empty section \examples
prepare_Rd: getSOAPType.Rd:38-40: Dropping empty section \examples
prepare_Rd: isHTTPError.Rd:48-50: Dropping empty section \examples
prepare_Rd: parseSOAP.Rd:45-47: Dropping empty section \examples
prepare_Rd: server.Rd:50-51: Dropping empty section \examples
prepare_Rd: toSOAP.Rd:68-69: Dropping empty section \examples
prepare_Rd: writeSOAP.Rd:111-113: Dropping empty section \examples
prepare_Rd: writeTypes.Rd:35-36: Dropping empty section \examples
* checking Rd metadata ... OK
* checking Rd cross-references ... OK
* checking for missing documentation entries ... OK
* checking for code/documentation mismatches ... OK
* checking Rd \usage sections ... OK
* checking Rd contents ... OK
* checking for unstated dependencies in examples ... OK
* checking examples ... OK
* checking PDF version of manual ... OK
