Hmm ... looks like a package

This is pdfTeX, Version 3.1415926-2.3-1.40.12 (TeX Live 2011)
 restricted \write18 enabled.
entering extended mode

(/private/var/folders/f8/2dd5rdyx1bjbw4jttt0x1hm80000gn/T/RtmpL8n2jZ/Rd2pdf9756
594cd0b/Rd2.tex
LaTeX2e <2009/09/24>
Babel <v3.8l> and hyphenation patterns for english, dumylang, nohyphenation, ge
rman-x-2009-06-19, ngerman-x-2009-06-19, afrikaans, ancientgreek, ibycus, arabi
c, armenian, basque, bulgarian, catalan, pinyin, coptic, croatian, czech, danis
h, dutch, ukenglish, usenglishmax, esperanto, estonian, ethiopic, farsi, finnis
h, french, galician, german, ngerman, swissgerman, monogreek, greek, hungarian,
 icelandic, assamese, bengali, gujarati, hindi, kannada, malayalam, marathi, or
iya, panjabi, tamil, telugu, indonesian, interlingua, irish, italian, kurmanji,
 lao, latin, latvian, lithuanian, mongolian, mongolianlmc, bokmal, nynorsk, pol
ish, portuguese, romanian, russian, sanskrit, serbian, serbianc, slovak, sloven
ian, spanish, swedish, turkish, turkmen, ukrainian, uppersorbian, welsh, loaded
.

(/usr/local/texlive/2011/texmf-dist/tex/latex/base/book.cls
Document Class: book 2007/10/19 v1.4h Standard LaTeX document class
(/usr/local/texlive/2011/texmf-dist/tex/latex/base/bk10.clo))
(/Users/duncan/Projects/R-new-devel/share/texmf/tex/latex/Rd.sty
(/usr/local/texlive/2011/texmf-dist/tex/latex/base/ifthen.sty)
(/usr/local/texlive/2011/texmf-dist/tex/latex/tools/longtable.sty)
(/usr/local/texlive/2011/texmf-dist/tex/latex/tools/bm.sty)
(/usr/local/texlive/2011/texmf-dist/tex/latex/base/alltt.sty)
(/usr/local/texlive/2011/texmf-dist/tex/latex/tools/verbatim.sty)
(/usr/local/texlive/2011/texmf-dist/tex/latex/url/url.sty) NOT loading ae
(/usr/local/texlive/2011/texmf-dist/tex/latex/base/fontenc.sty
(/usr/local/texlive/2011/texmf-dist/tex/latex/base/t1enc.def))
(/usr/local/texlive/2011/texmf-dist/tex/latex/psnfss/times.sty)
NOT loading lmodern
(/usr/local/texlive/2011/texmf-dist/tex/latex/inconsolata/inconsolata.sty
(/usr/local/texlive/2011/texmf-dist/tex/latex/base/textcomp.sty
(/usr/local/texlive/2011/texmf-dist/tex/latex/base/ts1enc.def))
(/usr/local/texlive/2011/texmf-dist/tex/latex/graphics/keyval.sty))
(/usr/local/texlive/2011/texmf-dist/tex/latex/graphics/color.sty
(/usr/local/texlive/2011/texmf-dist/tex/latex/latexconfig/color.cfg)
(/usr/local/texlive/2011/texmf-dist/tex/latex/pdftex-def/pdftex.def
(/usr/local/texlive/2011/texmf-dist/tex/generic/oberdiek/infwarerr.sty)
(/usr/local/texlive/2011/texmf-dist/tex/generic/oberdiek/ltxcmds.sty)))
(/usr/local/texlive/2011/texmf-dist/tex/latex/hyperref/hyperref.sty
(/usr/local/texlive/2011/texmf-dist/tex/generic/oberdiek/hobsub-hyperref.sty
(/usr/local/texlive/2011/texmf-dist/tex/generic/oberdiek/hobsub-generic.sty))
(/usr/local/texlive/2011/texmf-dist/tex/generic/ifxetex/ifxetex.sty)
(/usr/local/texlive/2011/texmf-dist/tex/latex/oberdiek/kvoptions.sty)
(/usr/local/texlive/2011/texmf-dist/tex/latex/hyperref/pd1enc.def)
(/usr/local/texlive/2011/texmf-dist/tex/latex/latexconfig/hyperref.cfg))

Package hyperref Message: Driver (autodetected): hpdftex.

(/usr/local/texlive/2011/texmf-dist/tex/latex/hyperref/hpdftex.def
(/usr/local/texlive/2011/texmf-dist/tex/latex/oberdiek/rerunfilecheck.sty))

Package hyperref Warning: Option `hyperindex' has already been used,
(hyperref)                setting the option has no effect on input line 342.


Package hyperref Warning: Option `pagebackref' has already been used,
(hyperref)                setting the option has no effect on input line 342.

) (/usr/local/texlive/2011/texmf-dist/tex/latex/base/makeidx.sty)
(/usr/local/texlive/2011/texmf-dist/tex/latex/base/inputenc.sty
(/usr/local/texlive/2011/texmf-dist/tex/latex/base/utf8.def
(/usr/local/texlive/2011/texmf-dist/tex/latex/base/t1enc.dfu)
(/usr/local/texlive/2011/texmf-dist/tex/latex/base/ot1enc.dfu)
(/usr/local/texlive/2011/texmf-dist/tex/latex/base/omsenc.dfu)
(/usr/local/texlive/2011/texmf-dist/tex/latex/base/ts1enc.dfu))
(/usr/local/texlive/2011/texmf-dist/tex/latex/base/latin1.def))
Writing index file Rd2.idx
No file Rd2.aux.
(/usr/local/texlive/2011/texmf-dist/tex/latex/base/ts1cmr.fd)
(/usr/local/texlive/2011/texmf-dist/tex/latex/psnfss/t1ptm.fd)
(/usr/local/texlive/2011/texmf-dist/tex/context/base/supp-pdf.mkii
[Loading MPS to PDF converter (version 2006.09.02).]
) (/usr/local/texlive/2011/texmf-dist/tex/latex/hyperref/nameref.sty
(/usr/local/texlive/2011/texmf-dist/tex/generic/oberdiek/gettitlestring.sty))
(/usr/local/texlive/2011/texmf-dist/tex/latex/inconsolata/t1fi4.fd)
(/usr/local/texlive/2011/texmf-dist/tex/latex/psnfss/t1phv.fd)
(/usr/local/texlive/2011/texmf-dist/tex/latex/base/utf8.def)
Overfull \hbox (29.78088pt too wide) in paragraph at lines 55--55
 []\T1/fi4/m/n/10 .SOAP(server, method, ..., .soapArgs = list(), action, nameSp
aces = SOAPNameSpaces(),[] 
[1{/usr/local/texlive/2011/texmf-var/fonts/map/pdftex/updmap/pdftex.map}]
[2]
Overfull \hbox (6.20093pt too wide) in paragraph at lines 181--184
[][][]$\T1/fi4/m/n/10 http : / / www . w3 . org / TR / SOAP/$[][] [][]$http : /
 / www . omegahat . org / SSOAP$[][]\T1/ptm/m/n/10 , [][]$\T1/fi4/m/n/10 http :
 / / www . omegahat . org /
[3] (/usr/local/texlive/2011/texmf-dist/tex/latex/base/utf8.def)
Overfull \hbox (79.78088pt too wide) in paragraph at lines 251--251
 []\T1/fi4/m/n/10 .SOAPHttpPost(.url, ..., .params = list(...), .convert = TRUE
, .opts = list(), .style = 'POST')[] 
[4]
Overfull \hbox (68.28088pt too wide) in paragraph at lines 295--295
 [] \T1/fi4/m/n/9 .SOAPHttpGet("http://www.chemspider.com/MassSpecAPI.asmx/Sear
chByMass2", mass = 89.0476, range = 0.01)[] 

Overfull \hbox (203.28088pt too wide) in paragraph at lines 299--299
 []  \T1/fi4/m/n/9 .SOAPHttpGet("http://www.chemspider.com/MassSpecAPI.asmx/Get
ExtendedCompoundInfoArray", CSIDs = c("23500", "23543"), token = token)[] 
(/usr/local/texlive/2011/texmf-dist/tex/latex/base/utf8.def) [5]
Overfull \hbox (6.20093pt too wide) in paragraph at lines 340--343
[][][]$\T1/fi4/m/n/10 http : / / www . w3 . org / TR / SOAP/$[][] [][]$http : /
 / www . omegahat . org / SSOAP$[][]\T1/ptm/m/n/10 , [][]$\T1/fi4/m/n/10 http :
 / / www . omegahat . org /
(/usr/local/texlive/2011/texmf-dist/tex/latex/base/utf8.def)
Overfull \hbox (4.78088pt too wide) in paragraph at lines 362--362
 []                       \T1/fi4/m/n/10 env = new.env(parent = globalenv()), w
here = globalenv(),[] 

Overfull \hbox (54.78088pt too wide) in paragraph at lines 366--366
 []                       \T1/fi4/m/n/10 opFun = getOperationFunction(verb), op
ts = new("CodeGenOpts"), ...)[] 
[6]
Overfull \hbox (4.0383pt too wide) in paragraph at lines 387--395
\T1/ptm/m/n/10 ter string that iden-ti-fies the name of the el-e-ment in the \T
1/fi4/m/n/10 .SOAPDefaultNameSpaces
[7]
Overfull \hbox (6.20093pt too wide) in paragraph at lines 454--457
[][][]$\T1/fi4/m/n/10 http : / / www . w3 . org / TR / SOAP/$[][] [][]$http : /
 / www . omegahat . org / SSOAP$[][]\T1/ptm/m/n/10 , [][]$\T1/fi4/m/n/10 http :
 / / www . omegahat . org /

Overfull \hbox (0.78088pt too wide) in paragraph at lines 474--474
 [] \T1/fi4/m/n/9 iface = genSOAPClientInterface(tmp@operations[[1]], def = tmp
, tmp@name, verbose=FALSE)[] 

Overfull \hbox (41.28088pt too wide) in paragraph at lines 489--489
 [] \T1/fi4/m/n/9 cat("See the file", system.file("examples", "KEGG.S", package
 = "SSOAP"), "for more examples\n")[] 

Overfull \hbox (18.78088pt too wide) in paragraph at lines 492--492
 []  \T1/fi4/m/n/9 w = processWSDL("http://www.weather.gov/forecasts/xml/SOAP_s
erver/ndfdXMLserver.php?wsdl")[] 

Overfull \hbox (36.78088pt too wide) in paragraph at lines 496--496
 []  \T1/fi4/m/n/9 str = f@functions$NDFDgenByDay(38.9936, -77.0224, Sys.time()
 +  60*24*60, 5, "m", "12 hourly")[] 
[8]
Overfull \hbox (5.28088pt too wide) in paragraph at lines 522--522
 []                                  \T1/fi4/m/n/9 "/ENTRY/DDBJ/primary-accessi
on,/ENTRY/DDBJ/definition",[] 

Underfull \vbox (badness 10000) has occurred while \output is active [9]
(/usr/local/texlive/2011/texmf-dist/tex/latex/base/utf8.def)
(/usr/local/texlive/2011/texmf-dist/tex/latex/base/utf8.def) [10]
Overfull \hbox (6.20093pt too wide) in paragraph at lines 667--670
[][][]$\T1/fi4/m/n/10 http : / / www . w3 . org / TR / SOAP/$[][] [][]$http : /
 / www . omegahat . org / SSOAP$[][]\T1/ptm/m/n/10 , [][]$\T1/fi4/m/n/10 http :
 / / www . omegahat . org /
(/usr/local/texlive/2011/texmf-dist/tex/latex/base/utf8.def) [11]
Overfull \hbox (6.20093pt too wide) in paragraph at lines 725--728
[][][]$\T1/fi4/m/n/10 http : / / www . w3 . org / TR / SOAP/$[][] [][]$http : /
 / www . omegahat . org / SSOAP$[][]\T1/ptm/m/n/10 , [][]$\T1/fi4/m/n/10 http :
 / / www . omegahat . org /
(/usr/local/texlive/2011/texmf-dist/tex/latex/base/utf8.def) [12]
Overfull \hbox (6.20093pt too wide) in paragraph at lines 783--786
[][][]$\T1/fi4/m/n/10 http : / / www . w3 . org / TR / SOAP/$[][] [][]$http : /
 / www . omegahat . org / SSOAP$[][]\T1/ptm/m/n/10 , [][]$\T1/fi4/m/n/10 http :
 / / www . omegahat . org /
(/usr/local/texlive/2011/texmf-dist/tex/latex/base/utf8.def) [13]
Overfull \hbox (4.0383pt too wide) in paragraph at lines 818--826
\T1/ptm/m/n/10 ter string that iden-ti-fies the name of the el-e-ment in the \T
1/fi4/m/n/10 .SOAPDefaultNameSpaces
[14]
Overfull \hbox (90.78088pt too wide) in paragraph at lines 879--879
 []\T1/fi4/m/n/9 # ff$functions$get_all_neighbors_by_gene(kid="eco:b0002", thre
shold= as.integer(500), orgs = c("ecs","ypk"))[] 

Overfull \hbox (59.28088pt too wide) in paragraph at lines 890--890
 []  \T1/fi4/m/n/9 tmp = processWSDL(system.file("examples", "XMethodsFilesyste
mService.wsdl.xml", package = "SSOAP"))[] 

Overfull \hbox (54.78088pt too wide) in paragraph at lines 894--894
 []    \T1/fi4/m/n/9 cs = processWSDL("http://www.chemspider.com/MassSpecAPI.as
mx?WSDL", port = "MassSpecAPIHttpGet")[] 
(/usr/local/texlive/2011/texmf-dist/tex/latex/base/utf8.def) [15]
(/usr/local/texlive/2011/texmf-dist/tex/latex/base/utf8.def) [16]
Overfull \hbox (6.20093pt too wide) in paragraph at lines 997--1000
[][][]$\T1/fi4/m/n/10 http : / / www . w3 . org / TR / SOAP/$[][] [][]$http : /
 / www . omegahat . org / SSOAP$[][]\T1/ptm/m/n/10 , [][]$\T1/fi4/m/n/10 http :
 / / www . omegahat . org /
(/usr/local/texlive/2011/texmf-dist/tex/latex/base/utf8.def)
Overfull \hbox (46.41006pt too wide) in paragraph at lines 1033--1039
[]\T1/ptm/m/n/10 An ob-ject de-rived from \T1/fi4/m/n/10 SOAPFault\T1/ptm/m/n/1
0 . Can be one of \T1/fi4/m/n/10 SOAPVersionMismatchFault\T1/ptm/m/n/10 , \T1/f
i4/m/n/10 SOAPMustUnderstandFault\T1/ptm/m/n/10 ,

Overfull \hbox (6.20093pt too wide) in paragraph at lines 1046--1049
[][][]$\T1/fi4/m/n/10 http : / / www . w3 . org / TR / SOAP/$[][] [][]$http : /
 / www . omegahat . org / SSOAP$[][]\T1/ptm/m/n/10 , [][]$\T1/fi4/m/n/10 http :
 / / www . omegahat . org /
(/usr/local/texlive/2011/texmf-dist/tex/latex/base/utf8.def) [17] [18]
(/usr/local/texlive/2011/texmf-dist/tex/latex/base/utf8.def)
Overfull \hbox (6.20093pt too wide) in paragraph at lines 1190--1193
[][][]$\T1/fi4/m/n/10 http : / / www . w3 . org / TR / SOAP/$[][] [][]$http : /
 / www . omegahat . org / SSOAP$[][]\T1/ptm/m/n/10 , [][]$\T1/fi4/m/n/10 http :
 / / www . omegahat . org /
[19] (/usr/local/texlive/2011/texmf-dist/tex/latex/base/utf8.def) [20]
(/usr/local/texlive/2011/texmf-dist/tex/latex/base/utf8.def)
Overfull \hbox (6.20093pt too wide) in paragraph at lines 1312--1315
[][][]$\T1/fi4/m/n/10 http : / / www . w3 . org / TR / SOAP/$[][] [][]$http : /
 / www . omegahat . org / SSOAP$[][]\T1/ptm/m/n/10 , [][]$\T1/fi4/m/n/10 http :
 / / www . omegahat . org /
(/usr/local/texlive/2011/texmf-dist/tex/latex/base/utf8.def) [21] [22]
Overfull \hbox (6.20093pt too wide) in paragraph at lines 1422--1425
[][][]$\T1/fi4/m/n/10 http : / / www . w3 . org / TR / SOAP/$[][] [][]$http : /
 / www . omegahat . org / SSOAP$[][]\T1/ptm/m/n/10 , [][]$\T1/fi4/m/n/10 http :
 / / www . omegahat . org /
(/usr/local/texlive/2011/texmf-dist/tex/latex/base/utf8.def)
Overfull \hbox (9.45753pt too wide) in paragraph at lines 1462--1467
\T1/ptm/m/n/10 This is be-cause we need to be able to de-ter-mine the pro-to-co
l and so have dif-fer-ent types of SOAPServer
[23]
Overfull \hbox (6.20093pt too wide) in paragraph at lines 1512--1515
[][][]$\T1/fi4/m/n/10 http : / / www . w3 . org / TR / SOAP/$[][] [][]$http : /
 / www . omegahat . org / SSOAP$[][]\T1/ptm/m/n/10 , [][]$\T1/fi4/m/n/10 http :
 / / www . omegahat . org /
(/usr/local/texlive/2011/texmf-dist/tex/latex/base/utf8.def)
Overfull \hbox (34.78088pt too wide) in paragraph at lines 1541--1541
 []                       \T1/fi4/m/n/10 nameSpaces = NA, verb = NA, obj = new(
"SOAPServerDescription"))[] 

Overfull \hbox (4.0383pt too wide) in paragraph at lines 1556--1564
\T1/ptm/m/n/10 ter string that iden-ti-fies the name of the el-e-ment in the \T
1/fi4/m/n/10 .SOAPDefaultNameSpaces
[24] (/usr/local/texlive/2011/texmf-dist/tex/latex/base/utf8.def) [25]
Overfull \hbox (6.20093pt too wide) in paragraph at lines 1636--1639
[][][]$\T1/fi4/m/n/10 http : / / www . w3 . org / TR / SOAP/$[][] [][]$http : /
 / www . omegahat . org / SSOAP$[][]\T1/ptm/m/n/10 , [][]$\T1/fi4/m/n/10 http :
 / / www . omegahat . org /
(/usr/local/texlive/2011/texmf-dist/tex/latex/base/utf8.def) [26]
Overfull \hbox (6.20093pt too wide) in paragraph at lines 1697--1700
[][][]$\T1/fi4/m/n/10 http : / / www . w3 . org / TR / SOAP/$[][] [][]$http : /
 / www . omegahat . org / SSOAP$[][]\T1/ptm/m/n/10 , [][]$\T1/fi4/m/n/10 http :
 / / www . omegahat . org /
(/usr/local/texlive/2011/texmf-dist/tex/latex/base/utf8.def)
Overfull \hbox (6.20093pt too wide) in paragraph at lines 1761--1764
[][][]$\T1/fi4/m/n/10 http : / / www . w3 . org / TR / SOAP/$[][] [][]$http : /
 / www . omegahat . org / SSOAP$[][]\T1/ptm/m/n/10 , [][]$\T1/fi4/m/n/10 http :
 / / www . omegahat . org /
[27] (/usr/local/texlive/2011/texmf-dist/tex/latex/base/utf8.def)
Overfull \hbox (6.20093pt too wide) in paragraph at lines 1833--1836
[][][]$\T1/fi4/m/n/10 http : / / www . w3 . org / TR / SOAP/$[][] [][]$http : /
 / www . omegahat . org / SSOAP$[][]\T1/ptm/m/n/10 , [][]$\T1/fi4/m/n/10 http :
 / / www . omegahat . org /
(/usr/local/texlive/2011/texmf-dist/tex/latex/base/utf8.def)
Overfull \hbox (65.29704pt too wide) in paragraph at lines 1847--1852
[]\T1/ptm/m/n/10 This func-tion al-lows the user to take a pro-gram-mat-i-cally
 gen-er-ated in-ter-face such as with [][]\T1/fi4/m/n/10 genSOAPClientInterface
[][][]
[28] [29] (/usr/local/texlive/2011/texmf-dist/tex/latex/base/utf8.def) [30]
Overfull \hbox (6.20093pt too wide) in paragraph at lines 2040--2043
[][][]$\T1/fi4/m/n/10 http : / / www . w3 . org / TR / SOAP/$[][] [][]$http : /
 / www . omegahat . org / SSOAP$[][]\T1/ptm/m/n/10 , [][]$\T1/fi4/m/n/10 http :
 / / www . omegahat . org /
(/usr/local/texlive/2011/texmf-dist/tex/latex/base/utf8.def) [31]
Overfull \hbox (6.20093pt too wide) in paragraph at lines 2086--2089
[][][]$\T1/fi4/m/n/10 http : / / www . w3 . org / TR / SOAP/$[][] [][]$http : /
 / www . omegahat . org / SSOAP$[][]\T1/ptm/m/n/10 , [][]$\T1/fi4/m/n/10 http :
 / / www . omegahat . org /
(/usr/local/texlive/2011/texmf-dist/tex/latex/base/utf8.def) [32]
Overfull \hbox (6.20093pt too wide) in paragraph at lines 2150--2153
[][][]$\T1/fi4/m/n/10 http : / / www . w3 . org / TR / SOAP/$[][] [][]$http : /
 / www . omegahat . org / SSOAP$[][]\T1/ptm/m/n/10 , [][]$\T1/fi4/m/n/10 http :
 / / www . omegahat . org /
(/usr/local/texlive/2011/texmf-dist/tex/latex/base/utf8.def)
Overfull \hbox (16.99805pt too wide) in paragraph at lines 2172--2176
[]\T1/ptm/m/n/10 It is of-ten more con-ve-nient to use internal/C-level nodes a
nd so use [][]\T1/fi4/m/n/10 xmlParse[][][] \T1/ptm/m/n/10 rather than [][]\T1/
fi4/m/n/10 xmlTreeParse[][][]\T1/ptm/m/n/10 .
[33]
No file Rd2.ind.
[34] (./Rd2.aux)

Package rerunfilecheck Warning: File `Rd2.out' has changed.
(rerunfilecheck)                Rerun to get outlines right
(rerunfilecheck)                or use package `bookmark'.

 )
(see the transcript file for additional information)pdfTeX warning (dest): name
{Rfn.xmlParse} has been referenced but does not exist, replaced by a fixed one

pdfTeX warning (dest): name{Rfn.getClass} has been referenced but does not exis
t, replaced by a fixed one

pdfTeX warning (dest): name{Rfn.load} has been referenced but does not exist, r
eplaced by a fixed one

pdfTeX warning (dest): name{Rfn.save} has been referenced but does not exist, r
eplaced by a fixed one

pdfTeX warning (dest): name{Rfn.typeof} has been referenced but does not exist,
 replaced by a fixed one

pdfTeX warning (dest): name{Rfn.new} has been referenced but does not exist, re
placed by a fixed one

pdfTeX warning (dest): name{Rfn..Rdol.} has been referenced but does not exist,
 replaced by a fixed one

pdfTeX warning (dest): name{Rfn.processSchemaTypes} has been referenced but doe
s not exist, replaced by a fixed one

pdfTeX warning (dest): name{Rfn.fromXML} has been referenced but does not exist
, replaced by a fixed one

pdfTeX warning (dest): name{Rfn.xmlTreeParse} has been referenced but does not 
exist, replaced by a fixed one

pdfTeX warning (dest): name{Rfn.assign} has been referenced but does not exist,
 replaced by a fixed one

pdfTeX warning (dest): name{Rfn.setClass} has been referenced but does not exis
t, replaced by a fixed one

pdfTeX warning (dest): name{Rfn.postForm} has been referenced but does not exis
t, replaced by a fixed one

pdfTeX warning (dest): name{Rfn.curlPerform} has been referenced but does not e
xist, replaced by a fixed one

{/usr/local/texlive/2011/texmf-dist/fonts/enc/dvips/base/8r.enc}{/usr/local/tex
live/2011/texmf-dist/fonts/enc/dvips/inconsolata/fi4-ec.enc}</usr/local/texlive
/2011/texmf-dist/fonts/type1/public/inconsolata/Inconsolata.pfb></usr/local/tex
live/2011/texmf-dist/fonts/type1/urw/helvetic/uhvr8a.pfb></usr/local/texlive/20
11/texmf-dist/fonts/type1/urw/times/utmb8a.pfb></usr/local/texlive/2011/texmf-d
ist/fonts/type1/urw/times/utmr8a.pfb></usr/local/texlive/2011/texmf-dist/fonts/
type1/urw/times/utmr8a.pfb></usr/local/texlive/2011/texmf-dist/fonts/type1/urw/
times/utmri8a.pfb>
Output written on Rd2.pdf (34 pages, 151995 bytes).
Transcript written on Rd2.log.
This is makeindex, version 2.15 [TeX Live 2011] (kpathsea + Thai support).
Scanning input file ./Rd2.idx....done (208 entries accepted, 0 rejected).
Sorting entries.....done (1790 comparisons).
Generating output file ./Rd2.ind....done (290 lines written, 1 warning).
Output written in ./Rd2.ind.
Transcript written in ./Rd2.ilg.
This is pdfTeX, Version 3.1415926-2.3-1.40.12 (TeX Live 2011)
 restricted \write18 enabled.
entering extended mode

(/private/var/folders/f8/2dd5rdyx1bjbw4jttt0x1hm80000gn/T/RtmpL8n2jZ/Rd2pdf9756
594cd0b/Rd2.tex
LaTeX2e <2009/09/24>
Babel <v3.8l> and hyphenation patterns for english, dumylang, nohyphenation, ge
rman-x-2009-06-19, ngerman-x-2009-06-19, afrikaans, ancientgreek, ibycus, arabi
c, armenian, basque, bulgarian, catalan, pinyin, coptic, croatian, czech, danis
h, dutch, ukenglish, usenglishmax, esperanto, estonian, ethiopic, farsi, finnis
h, french, galician, german, ngerman, swissgerman, monogreek, greek, hungarian,
 icelandic, assamese, bengali, gujarati, hindi, kannada, malayalam, marathi, or
iya, panjabi, tamil, telugu, indonesian, interlingua, irish, italian, kurmanji,
 lao, latin, latvian, lithuanian, mongolian, mongolianlmc, bokmal, nynorsk, pol
ish, portuguese, romanian, russian, sanskrit, serbian, serbianc, slovak, sloven
ian, spanish, swedish, turkish, turkmen, ukrainian, uppersorbian, welsh, loaded
.

(/usr/local/texlive/2011/texmf-dist/tex/latex/base/book.cls
Document Class: book 2007/10/19 v1.4h Standard LaTeX document class
(/usr/local/texlive/2011/texmf-dist/tex/latex/base/bk10.clo))
(/Users/duncan/Projects/R-new-devel/share/texmf/tex/latex/Rd.sty
(/usr/local/texlive/2011/texmf-dist/tex/latex/base/ifthen.sty)
(/usr/local/texlive/2011/texmf-dist/tex/latex/tools/longtable.sty)
(/usr/local/texlive/2011/texmf-dist/tex/latex/tools/bm.sty)
(/usr/local/texlive/2011/texmf-dist/tex/latex/base/alltt.sty)
(/usr/local/texlive/2011/texmf-dist/tex/latex/tools/verbatim.sty)
(/usr/local/texlive/2011/texmf-dist/tex/latex/url/url.sty) NOT loading ae
(/usr/local/texlive/2011/texmf-dist/tex/latex/base/fontenc.sty
(/usr/local/texlive/2011/texmf-dist/tex/latex/base/t1enc.def))
(/usr/local/texlive/2011/texmf-dist/tex/latex/psnfss/times.sty)
NOT loading lmodern
(/usr/local/texlive/2011/texmf-dist/tex/latex/inconsolata/inconsolata.sty
(/usr/local/texlive/2011/texmf-dist/tex/latex/base/textcomp.sty
(/usr/local/texlive/2011/texmf-dist/tex/latex/base/ts1enc.def))
(/usr/local/texlive/2011/texmf-dist/tex/latex/graphics/keyval.sty))
(/usr/local/texlive/2011/texmf-dist/tex/latex/graphics/color.sty
(/usr/local/texlive/2011/texmf-dist/tex/latex/latexconfig/color.cfg)
(/usr/local/texlive/2011/texmf-dist/tex/latex/pdftex-def/pdftex.def
(/usr/local/texlive/2011/texmf-dist/tex/generic/oberdiek/infwarerr.sty)
(/usr/local/texlive/2011/texmf-dist/tex/generic/oberdiek/ltxcmds.sty)))
(/usr/local/texlive/2011/texmf-dist/tex/latex/hyperref/hyperref.sty
(/usr/local/texlive/2011/texmf-dist/tex/generic/oberdiek/hobsub-hyperref.sty
(/usr/local/texlive/2011/texmf-dist/tex/generic/oberdiek/hobsub-generic.sty))
(/usr/local/texlive/2011/texmf-dist/tex/generic/ifxetex/ifxetex.sty)
(/usr/local/texlive/2011/texmf-dist/tex/latex/oberdiek/kvoptions.sty)
(/usr/local/texlive/2011/texmf-dist/tex/latex/hyperref/pd1enc.def)
(/usr/local/texlive/2011/texmf-dist/tex/latex/latexconfig/hyperref.cfg))

Package hyperref Message: Driver (autodetected): hpdftex.

(/usr/local/texlive/2011/texmf-dist/tex/latex/hyperref/hpdftex.def
(/usr/local/texlive/2011/texmf-dist/tex/latex/oberdiek/rerunfilecheck.sty))

Package hyperref Warning: Option `hyperindex' has already been used,
(hyperref)                setting the option has no effect on input line 342.


Package hyperref Warning: Option `pagebackref' has already been used,
(hyperref)                setting the option has no effect on input line 342.

) (/usr/local/texlive/2011/texmf-dist/tex/latex/base/makeidx.sty)
(/usr/local/texlive/2011/texmf-dist/tex/latex/base/inputenc.sty
(/usr/local/texlive/2011/texmf-dist/tex/latex/base/utf8.def
(/usr/local/texlive/2011/texmf-dist/tex/latex/base/t1enc.dfu)
(/usr/local/texlive/2011/texmf-dist/tex/latex/base/ot1enc.dfu)
(/usr/local/texlive/2011/texmf-dist/tex/latex/base/omsenc.dfu)
(/usr/local/texlive/2011/texmf-dist/tex/latex/base/ts1enc.dfu))
(/usr/local/texlive/2011/texmf-dist/tex/latex/base/latin1.def))
Writing index file Rd2.idx
(./Rd2.aux) (/usr/local/texlive/2011/texmf-dist/tex/latex/base/ts1cmr.fd)
(/usr/local/texlive/2011/texmf-dist/tex/latex/psnfss/t1ptm.fd)
(/usr/local/texlive/2011/texmf-dist/tex/context/base/supp-pdf.mkii
[Loading MPS to PDF converter (version 2006.09.02).]
) (/usr/local/texlive/2011/texmf-dist/tex/latex/hyperref/nameref.sty
(/usr/local/texlive/2011/texmf-dist/tex/generic/oberdiek/gettitlestring.sty))
(./Rd2.out) (./Rd2.out)
(/usr/local/texlive/2011/texmf-dist/tex/latex/inconsolata/t1fi4.fd)
(/usr/local/texlive/2011/texmf-dist/tex/latex/psnfss/t1phv.fd) (./Rd2.toc
[1{/usr/local/texlive/2011/texmf-var/fonts/map/pdftex/updmap/pdftex.map}])
(/usr/local/texlive/2011/texmf-dist/tex/latex/base/utf8.def)
Overfull \hbox (29.78088pt too wide) in paragraph at lines 55--55
 []\T1/fi4/m/n/10 .SOAP(server, method, ..., .soapArgs = list(), action, nameSp
aces = SOAPNameSpaces(),[] 
[2] [3]
Overfull \hbox (6.20093pt too wide) in paragraph at lines 181--184
[][][]$\T1/fi4/m/n/10 http : / / www . w3 . org / TR / SOAP/$[][] [][]$http : /
 / www . omegahat . org / SSOAP$[][]\T1/ptm/m/n/10 , [][]$\T1/fi4/m/n/10 http :
 / / www . omegahat . org /
[4] (/usr/local/texlive/2011/texmf-dist/tex/latex/base/utf8.def)
Overfull \hbox (79.78088pt too wide) in paragraph at lines 251--251
 []\T1/fi4/m/n/10 .SOAPHttpPost(.url, ..., .params = list(...), .convert = TRUE
, .opts = list(), .style = 'POST')[] 

Overfull \hbox (68.28088pt too wide) in paragraph at lines 295--295
 [] \T1/fi4/m/n/9 .SOAPHttpGet("http://www.chemspider.com/MassSpecAPI.asmx/Sear
chByMass2", mass = 89.0476, range = 0.01)[] 
[5]
Overfull \hbox (203.28088pt too wide) in paragraph at lines 299--299
 []  \T1/fi4/m/n/9 .SOAPHttpGet("http://www.chemspider.com/MassSpecAPI.asmx/Get
ExtendedCompoundInfoArray", CSIDs = c("23500", "23543"), token = token)[] 
(/usr/local/texlive/2011/texmf-dist/tex/latex/base/utf8.def)
Overfull \hbox (6.20093pt too wide) in paragraph at lines 340--343
[][][]$\T1/fi4/m/n/10 http : / / www . w3 . org / TR / SOAP/$[][] [][]$http : /
 / www . omegahat . org / SSOAP$[][]\T1/ptm/m/n/10 , [][]$\T1/fi4/m/n/10 http :
 / / www . omegahat . org /
(/usr/local/texlive/2011/texmf-dist/tex/latex/base/utf8.def) [6]
Overfull \hbox (4.78088pt too wide) in paragraph at lines 362--362
 []                       \T1/fi4/m/n/10 env = new.env(parent = globalenv()), w
here = globalenv(),[] 

Overfull \hbox (54.78088pt too wide) in paragraph at lines 366--366
 []                       \T1/fi4/m/n/10 opFun = getOperationFunction(verb), op
ts = new("CodeGenOpts"), ...)[] 

Overfull \hbox (4.0383pt too wide) in paragraph at lines 387--395
\T1/ptm/m/n/10 ter string that iden-ti-fies the name of the el-e-ment in the \T
1/fi4/m/n/10 .SOAPDefaultNameSpaces
[7]
Overfull \hbox (6.20093pt too wide) in paragraph at lines 454--457
[][][]$\T1/fi4/m/n/10 http : / / www . w3 . org / TR / SOAP/$[][] [][]$http : /
 / www . omegahat . org / SSOAP$[][]\T1/ptm/m/n/10 , [][]$\T1/fi4/m/n/10 http :
 / / www . omegahat . org /

Overfull \hbox (0.78088pt too wide) in paragraph at lines 474--474
 [] \T1/fi4/m/n/9 iface = genSOAPClientInterface(tmp@operations[[1]], def = tmp
, tmp@name, verbose=FALSE)[] 
[8]
Overfull \hbox (41.28088pt too wide) in paragraph at lines 489--489
 [] \T1/fi4/m/n/9 cat("See the file", system.file("examples", "KEGG.S", package
 = "SSOAP"), "for more examples\n")[] 

Overfull \hbox (18.78088pt too wide) in paragraph at lines 492--492
 []  \T1/fi4/m/n/9 w = processWSDL("http://www.weather.gov/forecasts/xml/SOAP_s
erver/ndfdXMLserver.php?wsdl")[] 

Overfull \hbox (36.78088pt too wide) in paragraph at lines 496--496
 []  \T1/fi4/m/n/9 str = f@functions$NDFDgenByDay(38.9936, -77.0224, Sys.time()
 +  60*24*60, 5, "m", "12 hourly")[] 

Overfull \hbox (5.28088pt too wide) in paragraph at lines 522--522
 []                                  \T1/fi4/m/n/9 "/ENTRY/DDBJ/primary-accessi
on,/ENTRY/DDBJ/definition",[] 

Underfull \vbox (badness 10000) has occurred while \output is active [9]
(/usr/local/texlive/2011/texmf-dist/tex/latex/base/utf8.def) [10]
(/usr/local/texlive/2011/texmf-dist/tex/latex/base/utf8.def)
Overfull \hbox (6.20093pt too wide) in paragraph at lines 667--670
[][][]$\T1/fi4/m/n/10 http : / / www . w3 . org / TR / SOAP/$[][] [][]$http : /
 / www . omegahat . org / SSOAP$[][]\T1/ptm/m/n/10 , [][]$\T1/fi4/m/n/10 http :
 / / www . omegahat . org /
[11] (/usr/local/texlive/2011/texmf-dist/tex/latex/base/utf8.def)
Overfull \hbox (6.20093pt too wide) in paragraph at lines 725--728
[][][]$\T1/fi4/m/n/10 http : / / www . w3 . org / TR / SOAP/$[][] [][]$http : /
 / www . omegahat . org / SSOAP$[][]\T1/ptm/m/n/10 , [][]$\T1/fi4/m/n/10 http :
 / / www . omegahat . org /
(/usr/local/texlive/2011/texmf-dist/tex/latex/base/utf8.def) [12]
Overfull \hbox (6.20093pt too wide) in paragraph at lines 783--786
[][][]$\T1/fi4/m/n/10 http : / / www . w3 . org / TR / SOAP/$[][] [][]$http : /
 / www . omegahat . org / SSOAP$[][]\T1/ptm/m/n/10 , [][]$\T1/fi4/m/n/10 http :
 / / www . omegahat . org /
(/usr/local/texlive/2011/texmf-dist/tex/latex/base/utf8.def) [13]
Overfull \hbox (4.0383pt too wide) in paragraph at lines 818--826
\T1/ptm/m/n/10 ter string that iden-ti-fies the name of the el-e-ment in the \T
1/fi4/m/n/10 .SOAPDefaultNameSpaces
[14]
Overfull \hbox (90.78088pt too wide) in paragraph at lines 879--879
 []\T1/fi4/m/n/9 # ff$functions$get_all_neighbors_by_gene(kid="eco:b0002", thre
shold= as.integer(500), orgs = c("ecs","ypk"))[] 

Overfull \hbox (59.28088pt too wide) in paragraph at lines 890--890
 []  \T1/fi4/m/n/9 tmp = processWSDL(system.file("examples", "XMethodsFilesyste
mService.wsdl.xml", package = "SSOAP"))[] 

Overfull \hbox (54.78088pt too wide) in paragraph at lines 894--894
 []    \T1/fi4/m/n/9 cs = processWSDL("http://www.chemspider.com/MassSpecAPI.as
mx?WSDL", port = "MassSpecAPIHttpGet")[] 
(/usr/local/texlive/2011/texmf-dist/tex/latex/base/utf8.def) [15]
(/usr/local/texlive/2011/texmf-dist/tex/latex/base/utf8.def) [16]
Overfull \hbox (6.20093pt too wide) in paragraph at lines 997--1000
[][][]$\T1/fi4/m/n/10 http : / / www . w3 . org / TR / SOAP/$[][] [][]$http : /
 / www . omegahat . org / SSOAP$[][]\T1/ptm/m/n/10 , [][]$\T1/fi4/m/n/10 http :
 / / www . omegahat . org /
(/usr/local/texlive/2011/texmf-dist/tex/latex/base/utf8.def)
Overfull \hbox (46.41006pt too wide) in paragraph at lines 1033--1039
[]\T1/ptm/m/n/10 An ob-ject de-rived from \T1/fi4/m/n/10 SOAPFault\T1/ptm/m/n/1
0 . Can be one of \T1/fi4/m/n/10 SOAPVersionMismatchFault\T1/ptm/m/n/10 , \T1/f
i4/m/n/10 SOAPMustUnderstandFault\T1/ptm/m/n/10 ,

Overfull \hbox (6.20093pt too wide) in paragraph at lines 1046--1049
[][][]$\T1/fi4/m/n/10 http : / / www . w3 . org / TR / SOAP/$[][] [][]$http : /
 / www . omegahat . org / SSOAP$[][]\T1/ptm/m/n/10 , [][]$\T1/fi4/m/n/10 http :
 / / www . omegahat . org /
(/usr/local/texlive/2011/texmf-dist/tex/latex/base/utf8.def) [17] [18]
(/usr/local/texlive/2011/texmf-dist/tex/latex/base/utf8.def)
Overfull \hbox (6.20093pt too wide) in paragraph at lines 1190--1193
[][][]$\T1/fi4/m/n/10 http : / / www . w3 . org / TR / SOAP/$[][] [][]$http : /
 / www . omegahat . org / SSOAP$[][]\T1/ptm/m/n/10 , [][]$\T1/fi4/m/n/10 http :
 / / www . omegahat . org /
[19] (/usr/local/texlive/2011/texmf-dist/tex/latex/base/utf8.def) [20]
(/usr/local/texlive/2011/texmf-dist/tex/latex/base/utf8.def)
Overfull \hbox (6.20093pt too wide) in paragraph at lines 1312--1315
[][][]$\T1/fi4/m/n/10 http : / / www . w3 . org / TR / SOAP/$[][] [][]$http : /
 / www . omegahat . org / SSOAP$[][]\T1/ptm/m/n/10 , [][]$\T1/fi4/m/n/10 http :
 / / www . omegahat . org /
(/usr/local/texlive/2011/texmf-dist/tex/latex/base/utf8.def) [21] [22]
Overfull \hbox (6.20093pt too wide) in paragraph at lines 1422--1425
[][][]$\T1/fi4/m/n/10 http : / / www . w3 . org / TR / SOAP/$[][] [][]$http : /
 / www . omegahat . org / SSOAP$[][]\T1/ptm/m/n/10 , [][]$\T1/fi4/m/n/10 http :
 / / www . omegahat . org /
(/usr/local/texlive/2011/texmf-dist/tex/latex/base/utf8.def)
Overfull \hbox (9.45753pt too wide) in paragraph at lines 1462--1467
\T1/ptm/m/n/10 This is be-cause we need to be able to de-ter-mine the pro-to-co
l and so have dif-fer-ent types of SOAPServer
[23]
Overfull \hbox (6.20093pt too wide) in paragraph at lines 1512--1515
[][][]$\T1/fi4/m/n/10 http : / / www . w3 . org / TR / SOAP/$[][] [][]$http : /
 / www . omegahat . org / SSOAP$[][]\T1/ptm/m/n/10 , [][]$\T1/fi4/m/n/10 http :
 / / www . omegahat . org /
(/usr/local/texlive/2011/texmf-dist/tex/latex/base/utf8.def)
Overfull \hbox (34.78088pt too wide) in paragraph at lines 1541--1541
 []                       \T1/fi4/m/n/10 nameSpaces = NA, verb = NA, obj = new(
"SOAPServerDescription"))[] 

Overfull \hbox (4.0383pt too wide) in paragraph at lines 1556--1564
\T1/ptm/m/n/10 ter string that iden-ti-fies the name of the el-e-ment in the \T
1/fi4/m/n/10 .SOAPDefaultNameSpaces
[24] (/usr/local/texlive/2011/texmf-dist/tex/latex/base/utf8.def) [25]
Overfull \hbox (6.20093pt too wide) in paragraph at lines 1636--1639
[][][]$\T1/fi4/m/n/10 http : / / www . w3 . org / TR / SOAP/$[][] [][]$http : /
 / www . omegahat . org / SSOAP$[][]\T1/ptm/m/n/10 , [][]$\T1/fi4/m/n/10 http :
 / / www . omegahat . org /
(/usr/local/texlive/2011/texmf-dist/tex/latex/base/utf8.def) [26]
Overfull \hbox (6.20093pt too wide) in paragraph at lines 1697--1700
[][][]$\T1/fi4/m/n/10 http : / / www . w3 . org / TR / SOAP/$[][] [][]$http : /
 / www . omegahat . org / SSOAP$[][]\T1/ptm/m/n/10 , [][]$\T1/fi4/m/n/10 http :
 / / www . omegahat . org /
(/usr/local/texlive/2011/texmf-dist/tex/latex/base/utf8.def)
Overfull \hbox (6.20093pt too wide) in paragraph at lines 1761--1764
[][][]$\T1/fi4/m/n/10 http : / / www . w3 . org / TR / SOAP/$[][] [][]$http : /
 / www . omegahat . org / SSOAP$[][]\T1/ptm/m/n/10 , [][]$\T1/fi4/m/n/10 http :
 / / www . omegahat . org /
[27] (/usr/local/texlive/2011/texmf-dist/tex/latex/base/utf8.def)
Overfull \hbox (6.20093pt too wide) in paragraph at lines 1833--1836
[][][]$\T1/fi4/m/n/10 http : / / www . w3 . org / TR / SOAP/$[][] [][]$http : /
 / www . omegahat . org / SSOAP$[][]\T1/ptm/m/n/10 , [][]$\T1/fi4/m/n/10 http :
 / / www . omegahat . org /
(/usr/local/texlive/2011/texmf-dist/tex/latex/base/utf8.def)
Overfull \hbox (65.29704pt too wide) in paragraph at lines 1847--1852
[]\T1/ptm/m/n/10 This func-tion al-lows the user to take a pro-gram-mat-i-cally
 gen-er-ated in-ter-face such as with [][]\T1/fi4/m/n/10 genSOAPClientInterface
[][][]
[28] [29] (/usr/local/texlive/2011/texmf-dist/tex/latex/base/utf8.def) [30]
Overfull \hbox (6.20093pt too wide) in paragraph at lines 2040--2043
[][][]$\T1/fi4/m/n/10 http : / / www . w3 . org / TR / SOAP/$[][] [][]$http : /
 / www . omegahat . org / SSOAP$[][]\T1/ptm/m/n/10 , [][]$\T1/fi4/m/n/10 http :
 / / www . omegahat . org /
(/usr/local/texlive/2011/texmf-dist/tex/latex/base/utf8.def) [31]
Overfull \hbox (6.20093pt too wide) in paragraph at lines 2086--2089
[][][]$\T1/fi4/m/n/10 http : / / www . w3 . org / TR / SOAP/$[][] [][]$http : /
 / www . omegahat . org / SSOAP$[][]\T1/ptm/m/n/10 , [][]$\T1/fi4/m/n/10 http :
 / / www . omegahat . org /
(/usr/local/texlive/2011/texmf-dist/tex/latex/base/utf8.def) [32]
Overfull \hbox (6.20093pt too wide) in paragraph at lines 2150--2153
[][][]$\T1/fi4/m/n/10 http : / / www . w3 . org / TR / SOAP/$[][] [][]$http : /
 / www . omegahat . org / SSOAP$[][]\T1/ptm/m/n/10 , [][]$\T1/fi4/m/n/10 http :
 / / www . omegahat . org /
(/usr/local/texlive/2011/texmf-dist/tex/latex/base/utf8.def)
Overfull \hbox (16.99805pt too wide) in paragraph at lines 2172--2176
[]\T1/ptm/m/n/10 It is of-ten more con-ve-nient to use internal/C-level nodes a
nd so use [][]\T1/fi4/m/n/10 xmlParse[][][] \T1/ptm/m/n/10 rather than [][]\T1/
fi4/m/n/10 xmlTreeParse[][][]\T1/ptm/m/n/10 .
[33] (./Rd2.ind [34]

LaTeX Font Warning: Font shape `T1/fi4/m/it' undefined
(Font)              using `T1/fi4/m/n' instead on input line 63.

[35]
Overfull \hbox (50.8567pt too wide) in paragraph at lines 161--163
[]\T1/fi4/m/it/10 returnConverter,WSDLGeneratedSOAPFunction-method 

Overfull \hbox (25.8567pt too wide) in paragraph at lines 165--167
[]\T1/fi4/m/it/10 returnType,WSDLGeneratedSOAPFunction-method 

Overfull \hbox (5.8567pt too wide) in paragraph at lines 172--174
[]\T1/fi4/m/it/10 server,WSDLGeneratedSOAPFunction-method 

Overfull \hbox (60.8567pt too wide) in paragraph at lines 216--218
[]\T1/fi4/m/it/10 toSOAP,ANY,XMLInternalElementNode,ArrayType-method 

Overfull \hbox (50.8567pt too wide) in paragraph at lines 218--220
[]\T1/fi4/m/it/10 toSOAP,ANY,XMLInternalElementNode,Element-method 

Overfull \hbox (75.8567pt too wide) in paragraph at lines 220--222
[]\T1/fi4/m/it/10 toSOAP,ANY,XMLInternalElementNode,LocalElement-method 

Overfull \hbox (65.8567pt too wide) in paragraph at lines 226--228
[]\T1/fi4/m/it/10 toSOAP,list,XMLInternalElementNode,ArrayType-method 

Overfull \hbox (15.8567pt too wide) in paragraph at lines 228--230
[]\T1/fi4/m/it/10 toSOAP,POSIXt,ANY,SOAPDateTimeType-method 

Overfull \hbox (20.8567pt too wide) in paragraph at lines 236--238
[]\T1/fi4/m/it/10 toSOAP,vector,ANY,PrimitiveSOAPType-method 

Overfull \hbox (55.8567pt too wide) in paragraph at lines 240--242
[]\T1/fi4/m/it/10 toSOAP,vector,connection,PrimitiveSOAPType-method 

Overfull \hbox (100.8567pt too wide) in paragraph at lines 242--244
[]\T1/fi4/m/it/10 toSOAP,vector,XMLInternalDocument,PrimitiveSOAPType-method 

Overfull \hbox (75.8567pt too wide) in paragraph at lines 244--246
[]\T1/fi4/m/it/10 toSOAP,vector,XMLInternalElementNode,ArrayType-method 

Overfull \hbox (95.8567pt too wide) in paragraph at lines 246--248
[]\T1/fi4/m/it/10 toSOAP,vector,XMLInternalElementNode,BasicSOAPType-method 

Overfull \hbox (65.8567pt too wide) in paragraph at lines 248--250
[]\T1/fi4/m/it/10 toSOAP,vector,XMLInternalElementNode,missing-method 

Overfull \hbox (120.8567pt too wide) in paragraph at lines 250--252
[]\T1/fi4/m/it/10 toSOAP,vector,XMLInternalElementNode,SimpleSequenceType-metho
d 

Overfull \hbox (5.8567pt too wide) in paragraph at lines 265--267
[]\T1/fi4/m/it/10 writeSOAPBody,ANY,ANY,connection-method 

Overfull \hbox (50.8567pt too wide) in paragraph at lines 267--269
[]\T1/fi4/m/it/10 writeSOAPBody,ANY,ANY,XMLInternalDocument-method 
[36]
Overfull \hbox (30.8567pt too wide) in paragraph at lines 273--275
[]\T1/fi4/m/it/10 writeSOAPEnvelope,XMLInternalDocument-method 
[37]) (./Rd2.aux)

Package rerunfilecheck Warning: File `Rd2.out' has changed.
(rerunfilecheck)                Rerun to get outlines right
(rerunfilecheck)                or use package `bookmark'.


LaTeX Font Warning: Some font shapes were not available, defaults substituted.

 )
(see the transcript file for additional information)pdfTeX warning (dest): name
{Rfn.xmlParse} has been referenced but does not exist, replaced by a fixed one

pdfTeX warning (dest): name{Rfn.getClass} has been referenced but does not exis
t, replaced by a fixed one

pdfTeX warning (dest): name{Rfn.load} has been referenced but does not exist, r
eplaced by a fixed one

pdfTeX warning (dest): name{Rfn.save} has been referenced but does not exist, r
eplaced by a fixed one

pdfTeX warning (dest): name{Rfn.typeof} has been referenced but does not exist,
 replaced by a fixed one

pdfTeX warning (dest): name{Rfn.new} has been referenced but does not exist, re
placed by a fixed one

pdfTeX warning (dest): name{Rfn..Rdol.} has been referenced but does not exist,
 replaced by a fixed one

pdfTeX warning (dest): name{Rfn.processSchemaTypes} has been referenced but doe
s not exist, replaced by a fixed one

pdfTeX warning (dest): name{Rfn.fromXML} has been referenced but does not exist
, replaced by a fixed one

pdfTeX warning (dest): name{Rfn.xmlTreeParse} has been referenced but does not 
exist, replaced by a fixed one

pdfTeX warning (dest): name{Rfn.assign} has been referenced but does not exist,
 replaced by a fixed one

pdfTeX warning (dest): name{Rfn.setClass} has been referenced but does not exis
t, replaced by a fixed one

pdfTeX warning (dest): name{Rfn.postForm} has been referenced but does not exis
t, replaced by a fixed one

pdfTeX warning (dest): name{Rfn.curlPerform} has been referenced but does not e
xist, replaced by a fixed one

{/usr/local/texlive/2011/texmf-dist/fonts/enc/dvips/base/8r.enc}{/usr/local/tex
live/2011/texmf-dist/fonts/enc/dvips/inconsolata/fi4-ec.enc}</usr/local/texlive
/2011/texmf-dist/fonts/type1/public/inconsolata/Inconsolata.pfb></usr/local/tex
live/2011/texmf-dist/fonts/type1/public/amsfonts/cm/cmsy10.pfb></usr/local/texl
ive/2011/texmf-dist/fonts/type1/urw/helvetic/uhvr8a.pfb></usr/local/texlive/201
1/texmf-dist/fonts/type1/urw/times/utmb8a.pfb></usr/local/texlive/2011/texmf-di
st/fonts/type1/urw/times/utmr8a.pfb></usr/local/texlive/2011/texmf-dist/fonts/t
ype1/urw/times/utmr8a.pfb></usr/local/texlive/2011/texmf-dist/fonts/type1/urw/t
imes/utmri8a.pfb>
Output written on Rd2.pdf (37 pages, 174184 bytes).
Transcript written on Rd2.log.
This is makeindex, version 2.15 [TeX Live 2011] (kpathsea + Thai support).
Scanning input file ./Rd2.idx....done (208 entries accepted, 0 rejected).
Sorting entries.....done (1795 comparisons).
Generating output file ./Rd2.ind....done (289 lines written, 1 warning).
Output written in ./Rd2.ind.
Transcript written in ./Rd2.ilg.
This is pdfTeX, Version 3.1415926-2.3-1.40.12 (TeX Live 2011)
 restricted \write18 enabled.
entering extended mode

(/private/var/folders/f8/2dd5rdyx1bjbw4jttt0x1hm80000gn/T/RtmpL8n2jZ/Rd2pdf9756
594cd0b/Rd2.tex
LaTeX2e <2009/09/24>
Babel <v3.8l> and hyphenation patterns for english, dumylang, nohyphenation, ge
rman-x-2009-06-19, ngerman-x-2009-06-19, afrikaans, ancientgreek, ibycus, arabi
c, armenian, basque, bulgarian, catalan, pinyin, coptic, croatian, czech, danis
h, dutch, ukenglish, usenglishmax, esperanto, estonian, ethiopic, farsi, finnis
h, french, galician, german, ngerman, swissgerman, monogreek, greek, hungarian,
 icelandic, assamese, bengali, gujarati, hindi, kannada, malayalam, marathi, or
iya, panjabi, tamil, telugu, indonesian, interlingua, irish, italian, kurmanji,
 lao, latin, latvian, lithuanian, mongolian, mongolianlmc, bokmal, nynorsk, pol
ish, portuguese, romanian, russian, sanskrit, serbian, serbianc, slovak, sloven
ian, spanish, swedish, turkish, turkmen, ukrainian, uppersorbian, welsh, loaded
.

(/usr/local/texlive/2011/texmf-dist/tex/latex/base/book.cls
Document Class: book 2007/10/19 v1.4h Standard LaTeX document class
(/usr/local/texlive/2011/texmf-dist/tex/latex/base/bk10.clo))
(/Users/duncan/Projects/R-new-devel/share/texmf/tex/latex/Rd.sty
(/usr/local/texlive/2011/texmf-dist/tex/latex/base/ifthen.sty)
(/usr/local/texlive/2011/texmf-dist/tex/latex/tools/longtable.sty)
(/usr/local/texlive/2011/texmf-dist/tex/latex/tools/bm.sty)
(/usr/local/texlive/2011/texmf-dist/tex/latex/base/alltt.sty)
(/usr/local/texlive/2011/texmf-dist/tex/latex/tools/verbatim.sty)
(/usr/local/texlive/2011/texmf-dist/tex/latex/url/url.sty) NOT loading ae
(/usr/local/texlive/2011/texmf-dist/tex/latex/base/fontenc.sty
(/usr/local/texlive/2011/texmf-dist/tex/latex/base/t1enc.def))
(/usr/local/texlive/2011/texmf-dist/tex/latex/psnfss/times.sty)
NOT loading lmodern
(/usr/local/texlive/2011/texmf-dist/tex/latex/inconsolata/inconsolata.sty
(/usr/local/texlive/2011/texmf-dist/tex/latex/base/textcomp.sty
(/usr/local/texlive/2011/texmf-dist/tex/latex/base/ts1enc.def))
(/usr/local/texlive/2011/texmf-dist/tex/latex/graphics/keyval.sty))
(/usr/local/texlive/2011/texmf-dist/tex/latex/graphics/color.sty
(/usr/local/texlive/2011/texmf-dist/tex/latex/latexconfig/color.cfg)
(/usr/local/texlive/2011/texmf-dist/tex/latex/pdftex-def/pdftex.def
(/usr/local/texlive/2011/texmf-dist/tex/generic/oberdiek/infwarerr.sty)
(/usr/local/texlive/2011/texmf-dist/tex/generic/oberdiek/ltxcmds.sty)))
(/usr/local/texlive/2011/texmf-dist/tex/latex/hyperref/hyperref.sty
(/usr/local/texlive/2011/texmf-dist/tex/generic/oberdiek/hobsub-hyperref.sty
(/usr/local/texlive/2011/texmf-dist/tex/generic/oberdiek/hobsub-generic.sty))
(/usr/local/texlive/2011/texmf-dist/tex/generic/ifxetex/ifxetex.sty)
(/usr/local/texlive/2011/texmf-dist/tex/latex/oberdiek/kvoptions.sty)
(/usr/local/texlive/2011/texmf-dist/tex/latex/hyperref/pd1enc.def)
(/usr/local/texlive/2011/texmf-dist/tex/latex/latexconfig/hyperref.cfg))

Package hyperref Message: Driver (autodetected): hpdftex.

(/usr/local/texlive/2011/texmf-dist/tex/latex/hyperref/hpdftex.def
(/usr/local/texlive/2011/texmf-dist/tex/latex/oberdiek/rerunfilecheck.sty))

Package hyperref Warning: Option `hyperindex' has already been used,
(hyperref)                setting the option has no effect on input line 342.


Package hyperref Warning: Option `pagebackref' has already been used,
(hyperref)                setting the option has no effect on input line 342.

) (/usr/local/texlive/2011/texmf-dist/tex/latex/base/makeidx.sty)
(/usr/local/texlive/2011/texmf-dist/tex/latex/base/inputenc.sty
(/usr/local/texlive/2011/texmf-dist/tex/latex/base/utf8.def
(/usr/local/texlive/2011/texmf-dist/tex/latex/base/t1enc.dfu)
(/usr/local/texlive/2011/texmf-dist/tex/latex/base/ot1enc.dfu)
(/usr/local/texlive/2011/texmf-dist/tex/latex/base/omsenc.dfu)
(/usr/local/texlive/2011/texmf-dist/tex/latex/base/ts1enc.dfu))
(/usr/local/texlive/2011/texmf-dist/tex/latex/base/latin1.def))
Writing index file Rd2.idx
(./Rd2.aux) (/usr/local/texlive/2011/texmf-dist/tex/latex/base/ts1cmr.fd)
(/usr/local/texlive/2011/texmf-dist/tex/latex/psnfss/t1ptm.fd)
(/usr/local/texlive/2011/texmf-dist/tex/context/base/supp-pdf.mkii
[Loading MPS to PDF converter (version 2006.09.02).]
) (/usr/local/texlive/2011/texmf-dist/tex/latex/hyperref/nameref.sty
(/usr/local/texlive/2011/texmf-dist/tex/generic/oberdiek/gettitlestring.sty))
(./Rd2.out) (./Rd2.out)
(/usr/local/texlive/2011/texmf-dist/tex/latex/inconsolata/t1fi4.fd)
(/usr/local/texlive/2011/texmf-dist/tex/latex/psnfss/t1phv.fd) (./Rd2.toc
[1{/usr/local/texlive/2011/texmf-var/fonts/map/pdftex/updmap/pdftex.map}])
(/usr/local/texlive/2011/texmf-dist/tex/latex/base/utf8.def)
Overfull \hbox (29.78088pt too wide) in paragraph at lines 55--55
 []\T1/fi4/m/n/10 .SOAP(server, method, ..., .soapArgs = list(), action, nameSp
aces = SOAPNameSpaces(),[] 
[2] [3]
Overfull \hbox (6.20093pt too wide) in paragraph at lines 181--184
[][][]$\T1/fi4/m/n/10 http : / / www . w3 . org / TR / SOAP/$[][] [][]$http : /
 / www . omegahat . org / SSOAP$[][]\T1/ptm/m/n/10 , [][]$\T1/fi4/m/n/10 http :
 / / www . omegahat . org /
[4] (/usr/local/texlive/2011/texmf-dist/tex/latex/base/utf8.def)
Overfull \hbox (79.78088pt too wide) in paragraph at lines 251--251
 []\T1/fi4/m/n/10 .SOAPHttpPost(.url, ..., .params = list(...), .convert = TRUE
, .opts = list(), .style = 'POST')[] 

Overfull \hbox (68.28088pt too wide) in paragraph at lines 295--295
 [] \T1/fi4/m/n/9 .SOAPHttpGet("http://www.chemspider.com/MassSpecAPI.asmx/Sear
chByMass2", mass = 89.0476, range = 0.01)[] 
[5]
Overfull \hbox (203.28088pt too wide) in paragraph at lines 299--299
 []  \T1/fi4/m/n/9 .SOAPHttpGet("http://www.chemspider.com/MassSpecAPI.asmx/Get
ExtendedCompoundInfoArray", CSIDs = c("23500", "23543"), token = token)[] 
(/usr/local/texlive/2011/texmf-dist/tex/latex/base/utf8.def)
Overfull \hbox (6.20093pt too wide) in paragraph at lines 340--343
[][][]$\T1/fi4/m/n/10 http : / / www . w3 . org / TR / SOAP/$[][] [][]$http : /
 / www . omegahat . org / SSOAP$[][]\T1/ptm/m/n/10 , [][]$\T1/fi4/m/n/10 http :
 / / www . omegahat . org /
(/usr/local/texlive/2011/texmf-dist/tex/latex/base/utf8.def) [6]
Overfull \hbox (4.78088pt too wide) in paragraph at lines 362--362
 []                       \T1/fi4/m/n/10 env = new.env(parent = globalenv()), w
here = globalenv(),[] 

Overfull \hbox (54.78088pt too wide) in paragraph at lines 366--366
 []                       \T1/fi4/m/n/10 opFun = getOperationFunction(verb), op
ts = new("CodeGenOpts"), ...)[] 

Overfull \hbox (4.0383pt too wide) in paragraph at lines 387--395
\T1/ptm/m/n/10 ter string that iden-ti-fies the name of the el-e-ment in the \T
1/fi4/m/n/10 .SOAPDefaultNameSpaces
[7]
Overfull \hbox (6.20093pt too wide) in paragraph at lines 454--457
[][][]$\T1/fi4/m/n/10 http : / / www . w3 . org / TR / SOAP/$[][] [][]$http : /
 / www . omegahat . org / SSOAP$[][]\T1/ptm/m/n/10 , [][]$\T1/fi4/m/n/10 http :
 / / www . omegahat . org /

Overfull \hbox (0.78088pt too wide) in paragraph at lines 474--474
 [] \T1/fi4/m/n/9 iface = genSOAPClientInterface(tmp@operations[[1]], def = tmp
, tmp@name, verbose=FALSE)[] 
[8]
Overfull \hbox (41.28088pt too wide) in paragraph at lines 489--489
 [] \T1/fi4/m/n/9 cat("See the file", system.file("examples", "KEGG.S", package
 = "SSOAP"), "for more examples\n")[] 

Overfull \hbox (18.78088pt too wide) in paragraph at lines 492--492
 []  \T1/fi4/m/n/9 w = processWSDL("http://www.weather.gov/forecasts/xml/SOAP_s
erver/ndfdXMLserver.php?wsdl")[] 

Overfull \hbox (36.78088pt too wide) in paragraph at lines 496--496
 []  \T1/fi4/m/n/9 str = f@functions$NDFDgenByDay(38.9936, -77.0224, Sys.time()
 +  60*24*60, 5, "m", "12 hourly")[] 

Overfull \hbox (5.28088pt too wide) in paragraph at lines 522--522
 []                                  \T1/fi4/m/n/9 "/ENTRY/DDBJ/primary-accessi
on,/ENTRY/DDBJ/definition",[] 

Underfull \vbox (badness 10000) has occurred while \output is active [9]
(/usr/local/texlive/2011/texmf-dist/tex/latex/base/utf8.def) [10]
(/usr/local/texlive/2011/texmf-dist/tex/latex/base/utf8.def)
Overfull \hbox (6.20093pt too wide) in paragraph at lines 667--670
[][][]$\T1/fi4/m/n/10 http : / / www . w3 . org / TR / SOAP/$[][] [][]$http : /
 / www . omegahat . org / SSOAP$[][]\T1/ptm/m/n/10 , [][]$\T1/fi4/m/n/10 http :
 / / www . omegahat . org /
[11] (/usr/local/texlive/2011/texmf-dist/tex/latex/base/utf8.def)
Overfull \hbox (6.20093pt too wide) in paragraph at lines 725--728
[][][]$\T1/fi4/m/n/10 http : / / www . w3 . org / TR / SOAP/$[][] [][]$http : /
 / www . omegahat . org / SSOAP$[][]\T1/ptm/m/n/10 , [][]$\T1/fi4/m/n/10 http :
 / / www . omegahat . org /
(/usr/local/texlive/2011/texmf-dist/tex/latex/base/utf8.def) [12]
Overfull \hbox (6.20093pt too wide) in paragraph at lines 783--786
[][][]$\T1/fi4/m/n/10 http : / / www . w3 . org / TR / SOAP/$[][] [][]$http : /
 / www . omegahat . org / SSOAP$[][]\T1/ptm/m/n/10 , [][]$\T1/fi4/m/n/10 http :
 / / www . omegahat . org /
(/usr/local/texlive/2011/texmf-dist/tex/latex/base/utf8.def) [13]
Overfull \hbox (4.0383pt too wide) in paragraph at lines 818--826
\T1/ptm/m/n/10 ter string that iden-ti-fies the name of the el-e-ment in the \T
1/fi4/m/n/10 .SOAPDefaultNameSpaces
[14]
Overfull \hbox (90.78088pt too wide) in paragraph at lines 879--879
 []\T1/fi4/m/n/9 # ff$functions$get_all_neighbors_by_gene(kid="eco:b0002", thre
shold= as.integer(500), orgs = c("ecs","ypk"))[] 

Overfull \hbox (59.28088pt too wide) in paragraph at lines 890--890
 []  \T1/fi4/m/n/9 tmp = processWSDL(system.file("examples", "XMethodsFilesyste
mService.wsdl.xml", package = "SSOAP"))[] 

Overfull \hbox (54.78088pt too wide) in paragraph at lines 894--894
 []    \T1/fi4/m/n/9 cs = processWSDL("http://www.chemspider.com/MassSpecAPI.as
mx?WSDL", port = "MassSpecAPIHttpGet")[] 
(/usr/local/texlive/2011/texmf-dist/tex/latex/base/utf8.def) [15]
(/usr/local/texlive/2011/texmf-dist/tex/latex/base/utf8.def) [16]
Overfull \hbox (6.20093pt too wide) in paragraph at lines 997--1000
[][][]$\T1/fi4/m/n/10 http : / / www . w3 . org / TR / SOAP/$[][] [][]$http : /
 / www . omegahat . org / SSOAP$[][]\T1/ptm/m/n/10 , [][]$\T1/fi4/m/n/10 http :
 / / www . omegahat . org /
(/usr/local/texlive/2011/texmf-dist/tex/latex/base/utf8.def)
Overfull \hbox (46.41006pt too wide) in paragraph at lines 1033--1039
[]\T1/ptm/m/n/10 An ob-ject de-rived from \T1/fi4/m/n/10 SOAPFault\T1/ptm/m/n/1
0 . Can be one of \T1/fi4/m/n/10 SOAPVersionMismatchFault\T1/ptm/m/n/10 , \T1/f
i4/m/n/10 SOAPMustUnderstandFault\T1/ptm/m/n/10 ,

Overfull \hbox (6.20093pt too wide) in paragraph at lines 1046--1049
[][][]$\T1/fi4/m/n/10 http : / / www . w3 . org / TR / SOAP/$[][] [][]$http : /
 / www . omegahat . org / SSOAP$[][]\T1/ptm/m/n/10 , [][]$\T1/fi4/m/n/10 http :
 / / www . omegahat . org /
(/usr/local/texlive/2011/texmf-dist/tex/latex/base/utf8.def) [17] [18]
(/usr/local/texlive/2011/texmf-dist/tex/latex/base/utf8.def)
Overfull \hbox (6.20093pt too wide) in paragraph at lines 1190--1193
[][][]$\T1/fi4/m/n/10 http : / / www . w3 . org / TR / SOAP/$[][] [][]$http : /
 / www . omegahat . org / SSOAP$[][]\T1/ptm/m/n/10 , [][]$\T1/fi4/m/n/10 http :
 / / www . omegahat . org /
[19] (/usr/local/texlive/2011/texmf-dist/tex/latex/base/utf8.def) [20]
(/usr/local/texlive/2011/texmf-dist/tex/latex/base/utf8.def)
Overfull \hbox (6.20093pt too wide) in paragraph at lines 1312--1315
[][][]$\T1/fi4/m/n/10 http : / / www . w3 . org / TR / SOAP/$[][] [][]$http : /
 / www . omegahat . org / SSOAP$[][]\T1/ptm/m/n/10 , [][]$\T1/fi4/m/n/10 http :
 / / www . omegahat . org /
(/usr/local/texlive/2011/texmf-dist/tex/latex/base/utf8.def) [21] [22]
Overfull \hbox (6.20093pt too wide) in paragraph at lines 1422--1425
[][][]$\T1/fi4/m/n/10 http : / / www . w3 . org / TR / SOAP/$[][] [][]$http : /
 / www . omegahat . org / SSOAP$[][]\T1/ptm/m/n/10 , [][]$\T1/fi4/m/n/10 http :
 / / www . omegahat . org /
(/usr/local/texlive/2011/texmf-dist/tex/latex/base/utf8.def)
Overfull \hbox (9.45753pt too wide) in paragraph at lines 1462--1467
\T1/ptm/m/n/10 This is be-cause we need to be able to de-ter-mine the pro-to-co
l and so have dif-fer-ent types of SOAPServer
[23]
Overfull \hbox (6.20093pt too wide) in paragraph at lines 1512--1515
[][][]$\T1/fi4/m/n/10 http : / / www . w3 . org / TR / SOAP/$[][] [][]$http : /
 / www . omegahat . org / SSOAP$[][]\T1/ptm/m/n/10 , [][]$\T1/fi4/m/n/10 http :
 / / www . omegahat . org /
(/usr/local/texlive/2011/texmf-dist/tex/latex/base/utf8.def)
Overfull \hbox (34.78088pt too wide) in paragraph at lines 1541--1541
 []                       \T1/fi4/m/n/10 nameSpaces = NA, verb = NA, obj = new(
"SOAPServerDescription"))[] 

Overfull \hbox (4.0383pt too wide) in paragraph at lines 1556--1564
\T1/ptm/m/n/10 ter string that iden-ti-fies the name of the el-e-ment in the \T
1/fi4/m/n/10 .SOAPDefaultNameSpaces
[24] (/usr/local/texlive/2011/texmf-dist/tex/latex/base/utf8.def) [25]
Overfull \hbox (6.20093pt too wide) in paragraph at lines 1636--1639
[][][]$\T1/fi4/m/n/10 http : / / www . w3 . org / TR / SOAP/$[][] [][]$http : /
 / www . omegahat . org / SSOAP$[][]\T1/ptm/m/n/10 , [][]$\T1/fi4/m/n/10 http :
 / / www . omegahat . org /
(/usr/local/texlive/2011/texmf-dist/tex/latex/base/utf8.def) [26]
Overfull \hbox (6.20093pt too wide) in paragraph at lines 1697--1700
[][][]$\T1/fi4/m/n/10 http : / / www . w3 . org / TR / SOAP/$[][] [][]$http : /
 / www . omegahat . org / SSOAP$[][]\T1/ptm/m/n/10 , [][]$\T1/fi4/m/n/10 http :
 / / www . omegahat . org /
(/usr/local/texlive/2011/texmf-dist/tex/latex/base/utf8.def)
Overfull \hbox (6.20093pt too wide) in paragraph at lines 1761--1764
[][][]$\T1/fi4/m/n/10 http : / / www . w3 . org / TR / SOAP/$[][] [][]$http : /
 / www . omegahat . org / SSOAP$[][]\T1/ptm/m/n/10 , [][]$\T1/fi4/m/n/10 http :
 / / www . omegahat . org /
[27] (/usr/local/texlive/2011/texmf-dist/tex/latex/base/utf8.def)
Overfull \hbox (6.20093pt too wide) in paragraph at lines 1833--1836
[][][]$\T1/fi4/m/n/10 http : / / www . w3 . org / TR / SOAP/$[][] [][]$http : /
 / www . omegahat . org / SSOAP$[][]\T1/ptm/m/n/10 , [][]$\T1/fi4/m/n/10 http :
 / / www . omegahat . org /
(/usr/local/texlive/2011/texmf-dist/tex/latex/base/utf8.def)
Overfull \hbox (65.29704pt too wide) in paragraph at lines 1847--1852
[]\T1/ptm/m/n/10 This func-tion al-lows the user to take a pro-gram-mat-i-cally
 gen-er-ated in-ter-face such as with [][]\T1/fi4/m/n/10 genSOAPClientInterface
[][][]
[28] [29] (/usr/local/texlive/2011/texmf-dist/tex/latex/base/utf8.def) [30]
Overfull \hbox (6.20093pt too wide) in paragraph at lines 2040--2043
[][][]$\T1/fi4/m/n/10 http : / / www . w3 . org / TR / SOAP/$[][] [][]$http : /
 / www . omegahat . org / SSOAP$[][]\T1/ptm/m/n/10 , [][]$\T1/fi4/m/n/10 http :
 / / www . omegahat . org /
(/usr/local/texlive/2011/texmf-dist/tex/latex/base/utf8.def) [31]
Overfull \hbox (6.20093pt too wide) in paragraph at lines 2086--2089
[][][]$\T1/fi4/m/n/10 http : / / www . w3 . org / TR / SOAP/$[][] [][]$http : /
 / www . omegahat . org / SSOAP$[][]\T1/ptm/m/n/10 , [][]$\T1/fi4/m/n/10 http :
 / / www . omegahat . org /
(/usr/local/texlive/2011/texmf-dist/tex/latex/base/utf8.def) [32]
Overfull \hbox (6.20093pt too wide) in paragraph at lines 2150--2153
[][][]$\T1/fi4/m/n/10 http : / / www . w3 . org / TR / SOAP/$[][] [][]$http : /
 / www . omegahat . org / SSOAP$[][]\T1/ptm/m/n/10 , [][]$\T1/fi4/m/n/10 http :
 / / www . omegahat . org /
(/usr/local/texlive/2011/texmf-dist/tex/latex/base/utf8.def)
Overfull \hbox (16.99805pt too wide) in paragraph at lines 2172--2176
[]\T1/ptm/m/n/10 It is of-ten more con-ve-nient to use internal/C-level nodes a
nd so use [][]\T1/fi4/m/n/10 xmlParse[][][] \T1/ptm/m/n/10 rather than [][]\T1/
fi4/m/n/10 xmlTreeParse[][][]\T1/ptm/m/n/10 .
[33] (./Rd2.ind [34]

LaTeX Font Warning: Font shape `T1/fi4/m/it' undefined
(Font)              using `T1/fi4/m/n' instead on input line 62.

[35]
Overfull \hbox (50.8567pt too wide) in paragraph at lines 160--162
[]\T1/fi4/m/it/10 returnConverter,WSDLGeneratedSOAPFunction-method 

Overfull \hbox (25.8567pt too wide) in paragraph at lines 164--166
[]\T1/fi4/m/it/10 returnType,WSDLGeneratedSOAPFunction-method 

Overfull \hbox (5.8567pt too wide) in paragraph at lines 171--173
[]\T1/fi4/m/it/10 server,WSDLGeneratedSOAPFunction-method 

Overfull \hbox (60.8567pt too wide) in paragraph at lines 215--217
[]\T1/fi4/m/it/10 toSOAP,ANY,XMLInternalElementNode,ArrayType-method 

Overfull \hbox (50.8567pt too wide) in paragraph at lines 217--219
[]\T1/fi4/m/it/10 toSOAP,ANY,XMLInternalElementNode,Element-method 

Overfull \hbox (75.8567pt too wide) in paragraph at lines 219--221
[]\T1/fi4/m/it/10 toSOAP,ANY,XMLInternalElementNode,LocalElement-method 

Overfull \hbox (65.8567pt too wide) in paragraph at lines 225--227
[]\T1/fi4/m/it/10 toSOAP,list,XMLInternalElementNode,ArrayType-method 

Overfull \hbox (15.8567pt too wide) in paragraph at lines 227--229
[]\T1/fi4/m/it/10 toSOAP,POSIXt,ANY,SOAPDateTimeType-method 

Overfull \hbox (20.8567pt too wide) in paragraph at lines 235--237
[]\T1/fi4/m/it/10 toSOAP,vector,ANY,PrimitiveSOAPType-method 

Overfull \hbox (55.8567pt too wide) in paragraph at lines 239--241
[]\T1/fi4/m/it/10 toSOAP,vector,connection,PrimitiveSOAPType-method 

Overfull \hbox (100.8567pt too wide) in paragraph at lines 241--243
[]\T1/fi4/m/it/10 toSOAP,vector,XMLInternalDocument,PrimitiveSOAPType-method 

Overfull \hbox (75.8567pt too wide) in paragraph at lines 243--245
[]\T1/fi4/m/it/10 toSOAP,vector,XMLInternalElementNode,ArrayType-method 

Overfull \hbox (95.8567pt too wide) in paragraph at lines 245--247
[]\T1/fi4/m/it/10 toSOAP,vector,XMLInternalElementNode,BasicSOAPType-method 

Overfull \hbox (65.8567pt too wide) in paragraph at lines 247--249
[]\T1/fi4/m/it/10 toSOAP,vector,XMLInternalElementNode,missing-method 

Overfull \hbox (120.8567pt too wide) in paragraph at lines 249--251
[]\T1/fi4/m/it/10 toSOAP,vector,XMLInternalElementNode,SimpleSequenceType-metho
d 

Overfull \hbox (5.8567pt too wide) in paragraph at lines 264--266
[]\T1/fi4/m/it/10 writeSOAPBody,ANY,ANY,connection-method 

Overfull \hbox (50.8567pt too wide) in paragraph at lines 266--268
[]\T1/fi4/m/it/10 writeSOAPBody,ANY,ANY,XMLInternalDocument-method 
[36]
Overfull \hbox (30.8567pt too wide) in paragraph at lines 272--274
[]\T1/fi4/m/it/10 writeSOAPEnvelope,XMLInternalDocument-method 
[37]) (./Rd2.aux)

LaTeX Font Warning: Some font shapes were not available, defaults substituted.

 )
(see the transcript file for additional information)pdfTeX warning (dest): name
{Rfn.xmlParse} has been referenced but does not exist, replaced by a fixed one

pdfTeX warning (dest): name{Rfn.getClass} has been referenced but does not exis
t, replaced by a fixed one

pdfTeX warning (dest): name{Rfn.load} has been referenced but does not exist, r
eplaced by a fixed one

pdfTeX warning (dest): name{Rfn.save} has been referenced but does not exist, r
eplaced by a fixed one

pdfTeX warning (dest): name{Rfn.typeof} has been referenced but does not exist,
 replaced by a fixed one

pdfTeX warning (dest): name{Rfn.new} has been referenced but does not exist, re
placed by a fixed one

pdfTeX warning (dest): name{Rfn..Rdol.} has been referenced but does not exist,
 replaced by a fixed one

pdfTeX warning (dest): name{Rfn.processSchemaTypes} has been referenced but doe
s not exist, replaced by a fixed one

pdfTeX warning (dest): name{Rfn.fromXML} has been referenced but does not exist
, replaced by a fixed one

pdfTeX warning (dest): name{Rfn.xmlTreeParse} has been referenced but does not 
exist, replaced by a fixed one

pdfTeX warning (dest): name{Rfn.assign} has been referenced but does not exist,
 replaced by a fixed one

pdfTeX warning (dest): name{Rfn.setClass} has been referenced but does not exis
t, replaced by a fixed one

pdfTeX warning (dest): name{Rfn.postForm} has been referenced but does not exis
t, replaced by a fixed one

pdfTeX warning (dest): name{Rfn.curlPerform} has been referenced but does not e
xist, replaced by a fixed one

{/usr/local/texlive/2011/texmf-dist/fonts/enc/dvips/base/8r.enc}{/usr/local/tex
live/2011/texmf-dist/fonts/enc/dvips/inconsolata/fi4-ec.enc}</usr/local/texlive
/2011/texmf-dist/fonts/type1/public/inconsolata/Inconsolata.pfb></usr/local/tex
live/2011/texmf-dist/fonts/type1/public/amsfonts/cm/cmsy10.pfb></usr/local/texl
ive/2011/texmf-dist/fonts/type1/urw/helvetic/uhvr8a.pfb></usr/local/texlive/201
1/texmf-dist/fonts/type1/urw/times/utmb8a.pfb></usr/local/texlive/2011/texmf-di
st/fonts/type1/urw/times/utmr8a.pfb></usr/local/texlive/2011/texmf-dist/fonts/t
ype1/urw/times/utmr8a.pfb></usr/local/texlive/2011/texmf-dist/fonts/type1/urw/t
imes/utmri8a.pfb>
Output written on Rd2.pdf (37 pages, 175038 bytes).
Transcript written on Rd2.log.
Saving output to 'SSOAP-manual.pdf' ...
Done
You may want to clean up by 'rm -rf /var/folders/f8/2dd5rdyx1bjbw4jttt0x1hm80000gn/T//RtmpL8n2jZ/Rd2pdf9756594cd0b'
